<html>
<head>
<title>TestNG:  EncorDashboard.TestScripts</title>
<link href="../testng.css" rel="stylesheet" type="text/css" />
<link href="../my-testng.css" rel="stylesheet" type="text/css" />

<style type="text/css">
.log { display: none;} 
.stack-trace { display: none;} 
</style>
<script type="text/javascript">
<!--
function flip(e) {
  current = e.style.display;
  if (current == 'block') {
    e.style.display = 'none';
    return 0;
  }
  else {
    e.style.display = 'block';
    return 1;
  }
}

function toggleBox(szDivId, elem, msg1, msg2)
{
  var res = -1;  if (document.getElementById) {
    res = flip(document.getElementById(szDivId));
  }
  else if (document.all) {
    // this is the way old msie versions work
    res = flip(document.all[szDivId]);
  }
  if(elem) {
    if(res == 0) elem.innerHTML = msg1; else elem.innerHTML = msg2;
  }

}

function toggleAllBoxes() {
  if (document.getElementsByTagName) {
    d = document.getElementsByTagName('div');
    for (i = 0; i < d.length; i++) {
      if (d[i].className == 'log') {
        flip(d[i]);
      }
    }
  }
}

// -->
</script>

</head>
<body>
<h2 align='center'>EncorDashboard.TestScripts</h2><table border='1' align="center">
<tr>
<td>Tests passed/Failed/Skipped:</td><td>8/4/0</td>
</tr><tr>
<td>Started on:</td><td>Sat Mar 09 14:49:36 IST 2019</td>
</tr>
<tr><td>Total time:</td><td>866 seconds (866937 ms)</td>
</tr><tr>
<td>Included groups:</td><td></td>
</tr><tr>
<td>Excluded groups:</td><td></td>
</tr>
</table><p/>
<small><i>(Hover the method name to see the test class name)</i></small><p/>
<table width='100%' border='1' class='invocation-failed'>
<tr><td colspan='4' align='center'><b>FAILED TESTS</b></td></tr>
<tr><td><b>Test method</b></td>
<td width="30%"><b>Exception</b></td>
<td width="10%"><b>Time (seconds)</b></td>
<td><b>Instance</b></td>
</tr>
<tr>
<td title='EncorDashboard.TestScripts.AddDashboard.AddDashboard()'><b>AddDashboard</b><br>Test class: EncorDashboard.TestScripts.AddDashboard<br>Parameters: Dashboard1, Clinical Dashboard, Monthly Scorecard, Calendar Year, N, Abdominal aortic aneurysm (AAA) repair volume (IQI 4), N</td>
<td><div><pre>java.io.IOException: Destination &apos;D:\&apos; directory cannot be created
	at org.apache.commons.io.FileUtils.copyFile(FileUtils.java:1015)
	at org.apache.commons.io.FileUtils.copyFile(FileUtils.java:968)
	at EncorDashboard.GlobalLibrary.GenericFunction.getScreenShot(GenericFunction.java:131)
	at EncorDashboard.TestScripts.AddDashboard.AddDashboard(AddDashboard.java:68)
... Removed 24 stack frames</pre></div><a href='#' onClick='toggleBox("stack-trace757708014", this, "Click to show all stack frames", "Click to hide stack frames")'>Click to show all stack frames</a>
<div class='stack-trace' id='stack-trace757708014'><pre>java.io.IOException: Destination &apos;D:\&apos; directory cannot be created
	at org.apache.commons.io.FileUtils.copyFile(FileUtils.java:1015)
	at org.apache.commons.io.FileUtils.copyFile(FileUtils.java:968)
	at EncorDashboard.GlobalLibrary.GenericFunction.getScreenShot(GenericFunction.java:131)
	at EncorDashboard.TestScripts.AddDashboard.AddDashboard(AddDashboard.java:68)
	at sun.reflect.NativeMethodAccessorImpl.invoke0(Native Method)
	at sun.reflect.NativeMethodAccessorImpl.invoke(Unknown Source)
	at sun.reflect.DelegatingMethodAccessorImpl.invoke(Unknown Source)
	at java.lang.reflect.Method.invoke(Unknown Source)
	at org.testng.internal.MethodInvocationHelper.invokeMethod(MethodInvocationHelper.java:80)
	at org.testng.internal.Invoker.invokeMethod(Invoker.java:714)
	at org.testng.internal.Invoker.invokeTestMethod(Invoker.java:901)
	at org.testng.internal.Invoker.invokeTestMethods(Invoker.java:1231)
	at org.testng.internal.TestMethodWorker.invokeTestMethods(TestMethodWorker.java:127)
	at org.testng.internal.TestMethodWorker.run(TestMethodWorker.java:111)
	at org.testng.TestRunner.privateRun(TestRunner.java:767)
	at org.testng.TestRunner.run(TestRunner.java:617)
	at org.testng.SuiteRunner.runTest(SuiteRunner.java:334)
	at org.testng.SuiteRunner.runSequentially(SuiteRunner.java:329)
	at org.testng.SuiteRunner.privateRun(SuiteRunner.java:291)
	at org.testng.SuiteRunner.run(SuiteRunner.java:240)
	at org.testng.SuiteRunnerWorker.runSuite(SuiteRunnerWorker.java:52)
	at org.testng.SuiteRunnerWorker.run(SuiteRunnerWorker.java:86)
	at org.testng.TestNG.runSuitesSequentially(TestNG.java:1198)
	at org.testng.TestNG.runSuitesLocally(TestNG.java:1123)
	at org.testng.TestNG.run(TestNG.java:1031)
	at org.testng.remote.AbstractRemoteTestNG.run(AbstractRemoteTestNG.java:114)
	at org.testng.remote.RemoteTestNG.initAndRun(RemoteTestNG.java:251)
	at org.testng.remote.RemoteTestNG.main(RemoteTestNG.java:77)
</pre></div></td>
<td>30</td>
<td>EncorDashboard.TestScripts.AddDashboard@2ef5e5e3</td></tr>
<tr>
<td title='EncorDashboard.TestScripts.AddDashboard.AddDashboard()'><b>AddDashboard</b><br>Test class: EncorDashboard.TestScripts.AddDashboard<br>Parameters: Dashboard4, Clinical Dashboard, Monthly Scorecard, Calendar Year, Y, Abdominal Aortic Aneurysm(AAA) Repair Mortality Rate (IQI 11), N</td>
<td><div><pre>java.lang.AssertionError: expected [Add/Edit Dashboard] but found [Manage Dashboard]
	at EncorDashboard.TestScripts.AddDashboard.AddDashboard(AddDashboard.java:63)
... Removed 29 stack frames</pre></div><a href='#' onClick='toggleBox("stack-trace271095942", this, "Click to show all stack frames", "Click to hide stack frames")'>Click to show all stack frames</a>
<div class='stack-trace' id='stack-trace271095942'><pre>java.lang.AssertionError: expected [Add/Edit Dashboard] but found [Manage Dashboard]
	at org.testng.Assert.fail(Assert.java:94)
	at org.testng.Assert.failNotEquals(Assert.java:494)
	at org.testng.Assert.assertEquals(Assert.java:123)
	at org.testng.Assert.assertEquals(Assert.java:176)
	at org.testng.Assert.assertEquals(Assert.java:186)
	at EncorDashboard.TestScripts.AddDashboard.AddDashboard(AddDashboard.java:63)
	at sun.reflect.NativeMethodAccessorImpl.invoke0(Native Method)
	at sun.reflect.NativeMethodAccessorImpl.invoke(Unknown Source)
	at sun.reflect.DelegatingMethodAccessorImpl.invoke(Unknown Source)
	at java.lang.reflect.Method.invoke(Unknown Source)
	at org.testng.internal.MethodInvocationHelper.invokeMethod(MethodInvocationHelper.java:80)
	at org.testng.internal.Invoker.invokeMethod(Invoker.java:714)
	at org.testng.internal.Invoker.invokeTestMethod(Invoker.java:901)
	at org.testng.internal.Invoker.invokeTestMethods(Invoker.java:1231)
	at org.testng.internal.TestMethodWorker.invokeTestMethods(TestMethodWorker.java:127)
	at org.testng.internal.TestMethodWorker.run(TestMethodWorker.java:111)
	at org.testng.TestRunner.privateRun(TestRunner.java:767)
	at org.testng.TestRunner.run(TestRunner.java:617)
	at org.testng.SuiteRunner.runTest(SuiteRunner.java:334)
	at org.testng.SuiteRunner.runSequentially(SuiteRunner.java:329)
	at org.testng.SuiteRunner.privateRun(SuiteRunner.java:291)
	at org.testng.SuiteRunner.run(SuiteRunner.java:240)
	at org.testng.SuiteRunnerWorker.runSuite(SuiteRunnerWorker.java:52)
	at org.testng.SuiteRunnerWorker.run(SuiteRunnerWorker.java:86)
	at org.testng.TestNG.runSuitesSequentially(TestNG.java:1198)
	at org.testng.TestNG.runSuitesLocally(TestNG.java:1123)
	at org.testng.TestNG.run(TestNG.java:1031)
	at org.testng.remote.AbstractRemoteTestNG.run(AbstractRemoteTestNG.java:114)
	at org.testng.remote.RemoteTestNG.initAndRun(RemoteTestNG.java:251)
	at org.testng.remote.RemoteTestNG.main(RemoteTestNG.java:77)
</pre></div></td>
<td>30</td>
<td>EncorDashboard.TestScripts.AddDashboard@2ef5e5e3</td></tr>
<tr>
<td title='EncorDashboard.TestScripts.AddDashboard.AddDashboard()'><b>AddDashboard</b><br>Test class: EncorDashboard.TestScripts.AddDashboard<br>Parameters: Dashboard5, Clinical Dashboard, Monthly Scorecard, Calendar Year, Y, Abdominal Aortic Aneurysm(AAA) Repair Mortality Rate (IQI 11), N</td>
<td><div><pre>java.lang.AssertionError: expected [Add/Edit Dashboard] but found [Manage Dashboard]
	at EncorDashboard.TestScripts.AddDashboard.AddDashboard(AddDashboard.java:63)
... Removed 29 stack frames</pre></div><a href='#' onClick='toggleBox("stack-trace37981645", this, "Click to show all stack frames", "Click to hide stack frames")'>Click to show all stack frames</a>
<div class='stack-trace' id='stack-trace37981645'><pre>java.lang.AssertionError: expected [Add/Edit Dashboard] but found [Manage Dashboard]
	at org.testng.Assert.fail(Assert.java:94)
	at org.testng.Assert.failNotEquals(Assert.java:494)
	at org.testng.Assert.assertEquals(Assert.java:123)
	at org.testng.Assert.assertEquals(Assert.java:176)
	at org.testng.Assert.assertEquals(Assert.java:186)
	at EncorDashboard.TestScripts.AddDashboard.AddDashboard(AddDashboard.java:63)
	at sun.reflect.NativeMethodAccessorImpl.invoke0(Native Method)
	at sun.reflect.NativeMethodAccessorImpl.invoke(Unknown Source)
	at sun.reflect.DelegatingMethodAccessorImpl.invoke(Unknown Source)
	at java.lang.reflect.Method.invoke(Unknown Source)
	at org.testng.internal.MethodInvocationHelper.invokeMethod(MethodInvocationHelper.java:80)
	at org.testng.internal.Invoker.invokeMethod(Invoker.java:714)
	at org.testng.internal.Invoker.invokeTestMethod(Invoker.java:901)
	at org.testng.internal.Invoker.invokeTestMethods(Invoker.java:1231)
	at org.testng.internal.TestMethodWorker.invokeTestMethods(TestMethodWorker.java:127)
	at org.testng.internal.TestMethodWorker.run(TestMethodWorker.java:111)
	at org.testng.TestRunner.privateRun(TestRunner.java:767)
	at org.testng.TestRunner.run(TestRunner.java:617)
	at org.testng.SuiteRunner.runTest(SuiteRunner.java:334)
	at org.testng.SuiteRunner.runSequentially(SuiteRunner.java:329)
	at org.testng.SuiteRunner.privateRun(SuiteRunner.java:291)
	at org.testng.SuiteRunner.run(SuiteRunner.java:240)
	at org.testng.SuiteRunnerWorker.runSuite(SuiteRunnerWorker.java:52)
	at org.testng.SuiteRunnerWorker.run(SuiteRunnerWorker.java:86)
	at org.testng.TestNG.runSuitesSequentially(TestNG.java:1198)
	at org.testng.TestNG.runSuitesLocally(TestNG.java:1123)
	at org.testng.TestNG.run(TestNG.java:1031)
	at org.testng.remote.AbstractRemoteTestNG.run(AbstractRemoteTestNG.java:114)
	at org.testng.remote.RemoteTestNG.initAndRun(RemoteTestNG.java:251)
	at org.testng.remote.RemoteTestNG.main(RemoteTestNG.java:77)
</pre></div></td>
<td>30</td>
<td>EncorDashboard.TestScripts.AddDashboard@2ef5e5e3</td></tr>
<tr>
<td title='EncorDashboard.TestScripts.ExportFile.ExportDashboard()'><b>ExportDashboard</b><br>Test class: EncorDashboard.TestScripts.ExportFile</td>
<td><div><pre>java.lang.AssertionError: expected [New Readmission(M) :: All Categories] but found [HAC(M) :: All Categories]
	at EncorDashboard.TestScripts.ExportFile.ExportDashboard(ExportFile.java:47)
... Removed 29 stack frames</pre></div><a href='#' onClick='toggleBox("stack-trace485845532", this, "Click to show all stack frames", "Click to hide stack frames")'>Click to show all stack frames</a>
<div class='stack-trace' id='stack-trace485845532'><pre>java.lang.AssertionError: expected [New Readmission(M) :: All Categories] but found [HAC(M) :: All Categories]
	at org.testng.Assert.fail(Assert.java:94)
	at org.testng.Assert.failNotEquals(Assert.java:494)
	at org.testng.Assert.assertEquals(Assert.java:123)
	at org.testng.Assert.assertEquals(Assert.java:176)
	at org.testng.Assert.assertEquals(Assert.java:186)
	at EncorDashboard.TestScripts.ExportFile.ExportDashboard(ExportFile.java:47)
	at sun.reflect.NativeMethodAccessorImpl.invoke0(Native Method)
	at sun.reflect.NativeMethodAccessorImpl.invoke(Unknown Source)
	at sun.reflect.DelegatingMethodAccessorImpl.invoke(Unknown Source)
	at java.lang.reflect.Method.invoke(Unknown Source)
	at org.testng.internal.MethodInvocationHelper.invokeMethod(MethodInvocationHelper.java:80)
	at org.testng.internal.Invoker.invokeMethod(Invoker.java:714)
	at org.testng.internal.Invoker.invokeTestMethod(Invoker.java:901)
	at org.testng.internal.Invoker.invokeTestMethods(Invoker.java:1231)
	at org.testng.internal.TestMethodWorker.invokeTestMethods(TestMethodWorker.java:127)
	at org.testng.internal.TestMethodWorker.run(TestMethodWorker.java:111)
	at org.testng.TestRunner.privateRun(TestRunner.java:767)
	at org.testng.TestRunner.run(TestRunner.java:617)
	at org.testng.SuiteRunner.runTest(SuiteRunner.java:334)
	at org.testng.SuiteRunner.runSequentially(SuiteRunner.java:329)
	at org.testng.SuiteRunner.privateRun(SuiteRunner.java:291)
	at org.testng.SuiteRunner.run(SuiteRunner.java:240)
	at org.testng.SuiteRunnerWorker.runSuite(SuiteRunnerWorker.java:52)
	at org.testng.SuiteRunnerWorker.run(SuiteRunnerWorker.java:86)
	at org.testng.TestNG.runSuitesSequentially(TestNG.java:1198)
	at org.testng.TestNG.runSuitesLocally(TestNG.java:1123)
	at org.testng.TestNG.run(TestNG.java:1031)
	at org.testng.remote.AbstractRemoteTestNG.run(AbstractRemoteTestNG.java:114)
	at org.testng.remote.RemoteTestNG.initAndRun(RemoteTestNG.java:251)
	at org.testng.remote.RemoteTestNG.main(RemoteTestNG.java:77)
</pre></div></td>
<td>56</td>
<td>EncorDashboard.TestScripts.ExportFile@4f933fd1</td></tr>
</table><p>
<table width='100%' border='1' class='invocation-passed'>
<tr><td colspan='4' align='center'><b>PASSED TESTS</b></td></tr>
<tr><td><b>Test method</b></td>
<td width="30%"><b>Exception</b></td>
<td width="10%"><b>Time (seconds)</b></td>
<td><b>Instance</b></td>
</tr>
<tr>
<td title='EncorDashboard.TestScripts.AddDashboard.AddDashboard()'><b>AddDashboard</b><br>Test class: EncorDashboard.TestScripts.AddDashboard<br>Parameters: Dashboard1, Clinical Dashboard, Monthly Scorecard, Calendar Year, Y, Abdominal Aortic Aneurysm(AAA) Repair Mortality Rate (IQI 11), N</td>
<td></td>
<td>31</td>
<td>EncorDashboard.TestScripts.AddDashboard@2ef5e5e3</td></tr>
<tr>
<td title='EncorDashboard.TestScripts.AddDashboard.AddDashboard()'><b>AddDashboard</b><br>Test class: EncorDashboard.TestScripts.AddDashboard<br>Parameters: Dashboard2, Clinical Dashboard, Monthly Scorecard, Calendar Year, Y, Aspirin at Arrival (AMI-1), N</td>
<td></td>
<td>27</td>
<td>EncorDashboard.TestScripts.AddDashboard@2ef5e5e3</td></tr>
<tr>
<td title='EncorDashboard.TestScripts.AddDashboard.AddDashboard()'><b>AddDashboard</b><br>Test class: EncorDashboard.TestScripts.AddDashboard<br>Parameters: Dashboard3, Clinical Dashboard, Monthly Scorecard, Calendar Year, Y, Abdominal Aortic Aneurysm(AAA) Repair Mortality Rate (IQI 11), N</td>
<td></td>
<td>28</td>
<td>EncorDashboard.TestScripts.AddDashboard@2ef5e5e3</td></tr>
<tr>
<td title='EncorDashboard.TestScripts.ChangeDashboard.ChangeDashboard()'><b>ChangeDashboard</b><br>Test class: EncorDashboard.TestScripts.ChangeDashboard</td>
<td></td>
<td>94</td>
<td>EncorDashboard.TestScripts.ChangeDashboard@1753acfe</td></tr>
<tr>
<td title='EncorDashboard.TestScripts.SaveCurrentView.SaveView()'><b>SaveView</b><br>Test class: EncorDashboard.TestScripts.SaveCurrentView</td>
<td></td>
<td>89</td>
<td>EncorDashboard.TestScripts.SaveCurrentView@d2cc05a</td></tr>
<tr>
<td title='EncorDashboard.TestScripts.SetResetDashboard.SetResetDashboard()'><b>SetResetDashboard</b><br>Test class: EncorDashboard.TestScripts.SetResetDashboard</td>
<td></td>
<td>144</td>
<td>EncorDashboard.TestScripts.SetResetDashboard@7c16905e</td></tr>
<tr>
<td title='EncorDashboard.TestScripts.UserAccess.UserAccess()'><b>UserAccess</b><br>Test class: EncorDashboard.TestScripts.UserAccess</td>
<td></td>
<td>17</td>
<td>EncorDashboard.TestScripts.UserAccess@2a2d45ba</td></tr>
<tr>
<td title='EncorDashboard.TestScripts.UserAdministration.UserAdministration()'><b>UserAdministration</b><br>Test class: EncorDashboard.TestScripts.UserAdministration</td>
<td></td>
<td>19</td>
<td>EncorDashboard.TestScripts.UserAdministration@548a9f61</td></tr>
</table><p>
</body>
</html>